<?xml version="1.0" encoding="UTF-8"?>
<!-- Generated by org.testng.reporters.JUnitReportReporter -->
<testsuite hostname="DESKTOP-GH87THQ" failures="0" tests="2" name="bookstore.BookstoreTest" time="12.867" errors="0" timestamp="2022-01-14T23:36:38 IST" skipped="0">
  <testcase classname="bookstore.BookstoreTest" name="loginWithInValidCreadentials" time="7.954"/>
  <system-out/>
  <testcase classname="bookstore.BookstoreTest" name="loginWithValidCreadentials" time="4.913"/>
  <system-out/>
</testsuite> <!-- bookstore.BookstoreTest -->
