<?xml version="1.0" encoding="UTF-8"?>
<!-- Generated by org.testng.reporters.JUnitReportReporter -->
<testsuite hostname="DESKTOP-GH87THQ" failures="0" tests="1" name="bookstore.BookstoreTest" time="30.803" errors="0" timestamp="2022-01-14T07:45:56 IST" skipped="0">
  <testcase classname="bookstore.BookstoreTest" name="searchingBooks" time="30.803"/>
  <system-out/>
</testsuite> <!-- bookstore.BookstoreTest -->
