<?xml version="1.0" encoding="UTF-8"?>
<!-- Generated by org.testng.reporters.JUnitReportReporter -->
<testsuite hostname="DESKTOP-GH87THQ" failures="0" tests="1" name="bookstore.BookstorePosTest" time="7.514" errors="0" timestamp="2022-01-28T13:55:42 IST" skipped="0">
  <testcase classname="bookstore.BookstorePosTest" name="loginWithValidCreadentials" time="7.514"/>
  <system-out/>
</testsuite> <!-- bookstore.BookstorePosTest -->
