<?xml version="1.0" encoding="UTF-8"?>
<!-- Generated by org.testng.reporters.JUnitReportReporter -->
<testsuite hostname="DESKTOP-GH87THQ" failures="0" tests="31" name="bookstore.BookstoreTest" time="170.846" errors="0" timestamp="2022-01-21T15:33:37 IST" skipped="0">
  <testcase classname="bookstore.BookstoreTest" name="loginWithInValidCreadentials" time="10.883"/>
  <system-out/>
  <testcase classname="bookstore.BookstoreTest" name="verifyForgotPasswordPage" time="2.896"/>
  <system-out/>
  <testcase classname="bookstore.BookstoreTest" name="verifyForgotPasswordWithValidEmail" time="5.411"/>
  <system-out/>
  <testcase classname="bookstore.BookstoreTest" name="verifyForgotPasswordWithInValidEmail" time="3.892"/>
  <system-out/>
  <testcase classname="bookstore.BookstoreTest" name="loginWithValidCreadentials" time="4.722"/>
  <system-out/>
  <testcase classname="bookstore.BookstoreTest" name="verifyLoginStatus" time="1.709"/>
  <system-out/>
  <testcase classname="bookstore.BookstoreTest" name="verifyPersonalSettingPage" time="2.626"/>
  <system-out/>
  <testcase classname="bookstore.BookstoreTest" name="verifyMyOrdersPage" time="1.434"/>
  <system-out/>
  <testcase classname="bookstore.BookstoreTest" name="verifyMyWishlistPage" time="1.563"/>
  <system-out/>
  <testcase classname="bookstore.BookstoreTest" name="verifyMyGiftPage" time="1.359"/>
  <system-out/>
  <testcase classname="bookstore.BookstoreTest" name="verifyMyAddressPage" time="1.279"/>
  <system-out/>
  <testcase classname="bookstore.BookstoreTest" name="verifyChangePasswordPage" time="1.814"/>
  <system-out/>
  <testcase classname="bookstore.BookstoreTest" name="verifyLogoIsDisplayed" time="7.608"/>
  <system-out/>
  <testcase classname="bookstore.BookstoreTest" name="verifyNewArriavalPage" time="2.625"/>
  <system-out/>
  <testcase classname="bookstore.BookstoreTest" name="verifyPreOrderPage" time="2.809"/>
  <system-out/>
  <testcase classname="bookstore.BookstoreTest" name="verifyBestSellerPage" time="3.529"/>
  <system-out/>
  <testcase classname="bookstore.BookstoreTest" name="verifyTextBookPage" time="1.978"/>
  <system-out/>
  <testcase classname="bookstore.BookstoreTest" name="verifyAwardWinnerPage" time="1.818"/>
  <system-out/>
  <testcase classname="bookstore.BookstoreTest" name="verifyFeatureAuthorPage" time="1.676"/>
  <system-out/>
  <testcase classname="bookstore.BookstoreTest" name="searchingBooks" time="5.640"/>
  <system-out/>
  <testcase classname="bookstore.BookstoreTest" name="addCart" time="11.076"/>
  <system-out/>
  <testcase classname="bookstore.BookstoreTest" name="searchProductAndAddItToCart" time="12.616"/>
  <system-out/>
  <testcase classname="bookstore.BookstoreTest" name="verifyMyCartIsOpen" time="1.238"/>
  <system-out/>
  <testcase classname="bookstore.BookstoreTest" name="removeFirstItemFromCart" time="2.196"/>
  <system-out/>
  <testcase classname="bookstore.BookstoreTest" name="removeTotalCartItems" time="32.365"/>
  <system-out/>
  <testcase classname="bookstore.BookstoreTest" name="searchAllResult" time="10.329"/>
  <system-out/>
  <testcase classname="bookstore.BookstoreTest" name="changeBuyingQuantity" time="1.175"/>
  <system-out/>
  <testcase classname="bookstore.BookstoreTest" name="toggleCurrency" time="5.584"/>
  <system-out/>
  <testcase classname="bookstore.BookstoreTest" name="CheckingPlacingOrder" time="4.424"/>
  <system-out/>
  <testcase classname="bookstore.BookstoreTest" name="continueForPlacingOrder" time="13.152"/>
  <system-out/>
  <testcase classname="bookstore.BookstoreTest" name="userLogoutAction" time="9.420"/>
  <system-out/>
</testsuite> <!-- bookstore.BookstoreTest -->
